Arguments: 
  /usr/local/bin/node /usr/local/Cellar/yarn/1.5.1_1/libexec/bin/yarn.js run create

PATH: 
  /opt/local/bin:/opt/local/sbin:/Users/jamesbailey/Library/Python/2.7/bin:/Users/jamesbailey/Work/bin/Ffmpeg:/Users/jamesbailey/Work/gitsrc/SDK/Flutter/bin:/usr/local/bin:/usr/bin:/bin:/usr/sbin:/sbin:/usr/local/share/dotnet:/opt/local/bin:/opt/local/sbin:/Users/jamesbailey/Library/Python/2.7/bin:/Users/jamesbailey/Work/bin/Ffmpeg:/Users/jamesbailey/Work/gitsrc/SDK/Flutter/bin

Yarn version: 
  1.5.1

Node version: 
  8.9.4

Platform: 
  darwin x64

npm manifest: 
  {
    "name": "blueprintjs",
    "version": "1.0.0",
    "main": "lib/index.js",
    "author": "Jimib",
    "license": "MIT",
    "scripts" : {
      "create" : "blueprint create"
    },
    "bin": {
      "blueprint": "bin/blueprint.js"
    },
    "dependencies": {
      "fs-extra-promise": "^1.0.1",
      "lodash": "^4.17.5"
    }
  }

yarn manifest: 
  No manifest

Lockfile: 
  # THIS IS AN AUTOGENERATED FILE. DO NOT EDIT THIS FILE DIRECTLY.
  # yarn lockfile v1
  
  
  bluebird@^3.5.0:
    version "3.5.1"
    resolved "https://registry.yarnpkg.com/bluebird/-/bluebird-3.5.1.tgz#d9551f9de98f1fcda1e683d17ee91a0602ee2eb9"
  
  fs-extra-promise@^1.0.1:
    version "1.0.1"
    resolved "https://registry.yarnpkg.com/fs-extra-promise/-/fs-extra-promise-1.0.1.tgz#b6ed1ace97b10e06b95f458d051b7f05c6613ee6"
    dependencies:
      bluebird "^3.5.0"
      fs-extra "^2.1.2"
  
  fs-extra@^2.1.2:
    version "2.1.2"
    resolved "https://registry.yarnpkg.com/fs-extra/-/fs-extra-2.1.2.tgz#046c70163cef9aad46b0e4a7fa467fb22d71de35"
    dependencies:
      graceful-fs "^4.1.2"
      jsonfile "^2.1.0"
  
  graceful-fs@^4.1.2, graceful-fs@^4.1.6:
    version "4.1.11"
    resolved "https://registry.yarnpkg.com/graceful-fs/-/graceful-fs-4.1.11.tgz#0e8bdfe4d1ddb8854d64e04ea7c00e2a026e5658"
  
  jsonfile@^2.1.0:
    version "2.4.0"
    resolved "https://registry.yarnpkg.com/jsonfile/-/jsonfile-2.4.0.tgz#3736a2b428b87bbda0cc83b53fa3d633a35c2ae8"
    optionalDependencies:
      graceful-fs "^4.1.6"
  
  lodash@^4.17.5:
    version "4.17.5"
    resolved "https://registry.yarnpkg.com/lodash/-/lodash-4.17.5.tgz#99a92d65c0272debe8c96b6057bc8fbfa3bed511"

Trace: 
  Error: Command failed.
  Exit code: 127
  Command: sh
  Arguments: -c blueprint create
  Directory: /Users/jamesbailey/Work/gitsrc/Jimi/Projects/Blueprint
  Output:
  
      at ProcessTermError.MessageError (/usr/local/Cellar/yarn/1.5.1_1/libexec/lib/cli.js:186:110)
      at new ProcessTermError (/usr/local/Cellar/yarn/1.5.1_1/libexec/lib/cli.js:226:113)
      at ChildProcess.<anonymous> (/usr/local/Cellar/yarn/1.5.1_1/libexec/lib/cli.js:30281:17)
      at emitTwo (events.js:126:13)
      at ChildProcess.emit (events.js:214:7)
      at maybeClose (internal/child_process.js:925:16)
      at Process.ChildProcess._handle.onexit (internal/child_process.js:209:5)
